<?xml version="1.0" encoding="UTF-8"?>
<!-- Generated by org.testng.reporters.JUnitReportReporter -->
<testsuite hostname="Niveen" failures="0" tests="3" name="addItem.SwagLabTestCases" time="0.942" errors="0" timestamp="2022-11-19T18:34:05 EET" skipped="0">
  <testcase classname="addItem.SwagLabTestCases" name="sortPriceOfItemsFromHighToLow" time="0.319"/>
  <system-out/>
  <testcase classname="addItem.SwagLabTestCases" name="sortPriceOfItemsFromLowToHigh" time="0.218"/>
  <system-out/>
  <testcase classname="addItem.SwagLabTestCases" name="addAllItemsToList" time="0.405"/>
  <system-out/>
</testsuite> <!-- addItem.SwagLabTestCases -->
