<?xml version="1.0" encoding="UTF-8"?>
<!-- Generated by org.testng.reporters.JUnitReportReporter -->
<testsuite hostname="Niveen" failures="0" tests="1" name="addItem.AddAllItemsToCart" time="7.757" errors="0" timestamp="2022-11-19T17:04:27 EET" skipped="0">
  <testcase classname="addItem.AddAllItemsToCart" name="addItem" time="7.757"/>
  <system-out/>
</testsuite> <!-- addItem.AddAllItemsToCart -->
